[2018-06-05 11:31:59] local.ERROR: Class 'Tymon\JWTAuth\Providers\LaravelServiceProvider' not found {"exception":"[object] (Symfony\\Component\\Debug\\Exception\\FatalThrowableError(code: 0): Class 'Tymon\\JWTAuth\\Providers\\LaravelServiceProvider' not found at /Users/tunde/Projects/vapo/api/vendor/laravel/framework/src/Illuminate/Foundation/ProviderRepository.php:208)
[stacktrace]
#0 /Users/tunde/Projects/vapo/api/vendor/laravel/framework/src/Illuminate/Foundation/ProviderRepository.php(144): Illuminate\\Foundation\\ProviderRepository->createProvider('Tymon\\\\JWTAuth\\\\P...')
#1 /Users/tunde/Projects/vapo/api/vendor/laravel/framework/src/Illuminate/Foundation/ProviderRepository.php(61): Illuminate\\Foundation\\ProviderRepository->compileManifest(Array)
#2 /Users/tunde/Projects/vapo/api/vendor/laravel/framework/src/Illuminate/Foundation/Application.php(561): Illuminate\\Foundation\\ProviderRepository->load(Array)
#3 /Users/tunde/Projects/vapo/api/vendor/laravel/framework/src/Illuminate/Foundation/Bootstrap/RegisterProviders.php(17): Illuminate\\Foundation\\Application->registerConfiguredProviders()
#4 /Users/tunde/Projects/vapo/api/vendor/laravel/framework/src/Illuminate/Foundation/Application.php(213): Illuminate\\Foundation\\Bootstrap\\RegisterProviders->bootstrap(Object(Illuminate\\Foundation\\Application))
#5 /Users/tunde/Projects/vapo/api/vendor/laravel/framework/src/Illuminate/Foundation/Console/Kernel.php(296): Illuminate\\Foundation\\Application->bootstrapWith(Array)
#6 /Users/tunde/Projects/vapo/api/vendor/laravel/framework/src/Illuminate/Foundation/Console/Kernel.php(119): Illuminate\\Foundation\\Console\\Kernel->bootstrap()
#7 /Users/tunde/Projects/vapo/api/artisan(37): Illuminate\\Foundation\\Console\\Kernel->handle(Object(Symfony\\Component\\Console\\Input\\ArgvInput), Object(Symfony\\Component\\Console\\Output\\ConsoleOutput))
#8 {main}
"} 
[2018-06-05 11:35:57] local.ERROR: Method Tymon\JWTAuth\Commands\JWTGenerateCommand::handle() does not exist {"exception":"[object] (ReflectionException(code: 0): Method Tymon\\JWTAuth\\Commands\\JWTGenerateCommand::handle() does not exist at /Users/tunde/Projects/vapo/api/vendor/laravel/framework/src/Illuminate/Container/BoundMethod.php:135)
[stacktrace]
#0 /Users/tunde/Projects/vapo/api/vendor/laravel/framework/src/Illuminate/Container/BoundMethod.php(135): ReflectionMethod->__construct(Object(Tymon\\JWTAuth\\Commands\\JWTGenerateCommand), 'handle')
#1 /Users/tunde/Projects/vapo/api/vendor/laravel/framework/src/Illuminate/Container/BoundMethod.php(115): Illuminate\\Container\\BoundMethod::getCallReflector(Array)
#2 /Users/tunde/Projects/vapo/api/vendor/laravel/framework/src/Illuminate/Container/BoundMethod.php(29): Illuminate\\Container\\BoundMethod::getMethodDependencies(Object(Illuminate\\Foundation\\Application), Array, Array)
#3 /Users/tunde/Projects/vapo/api/vendor/laravel/framework/src/Illuminate/Container/BoundMethod.php(87): Illuminate\\Container\\BoundMethod::Illuminate\\Container\\{closure}()
#4 /Users/tunde/Projects/vapo/api/vendor/laravel/framework/src/Illuminate/Container/BoundMethod.php(31): Illuminate\\Container\\BoundMethod::callBoundMethod(Object(Illuminate\\Foundation\\Application), Array, Object(Closure))
#5 /Users/tunde/Projects/vapo/api/vendor/laravel/framework/src/Illuminate/Container/Container.php(549): Illuminate\\Container\\BoundMethod::call(Object(Illuminate\\Foundation\\Application), Array, Array, NULL)
#6 /Users/tunde/Projects/vapo/api/vendor/laravel/framework/src/Illuminate/Console/Command.php(183): Illuminate\\Container\\Container->call(Array)
#7 /Users/tunde/Projects/vapo/api/vendor/symfony/console/Command/Command.php(251): Illuminate\\Console\\Command->execute(Object(Symfony\\Component\\Console\\Input\\ArgvInput), Object(Illuminate\\Console\\OutputStyle))
#8 /Users/tunde/Projects/vapo/api/vendor/laravel/framework/src/Illuminate/Console/Command.php(170): Symfony\\Component\\Console\\Command\\Command->run(Object(Symfony\\Component\\Console\\Input\\ArgvInput), Object(Illuminate\\Console\\OutputStyle))
#9 /Users/tunde/Projects/vapo/api/vendor/symfony/console/Application.php(946): Illuminate\\Console\\Command->run(Object(Symfony\\Component\\Console\\Input\\ArgvInput), Object(Symfony\\Component\\Console\\Output\\ConsoleOutput))
#10 /Users/tunde/Projects/vapo/api/vendor/symfony/console/Application.php(248): Symfony\\Component\\Console\\Application->doRunCommand(Object(Tymon\\JWTAuth\\Commands\\JWTGenerateCommand), Object(Symfony\\Component\\Console\\Input\\ArgvInput), Object(Symfony\\Component\\Console\\Output\\ConsoleOutput))
#11 /Users/tunde/Projects/vapo/api/vendor/symfony/console/Application.php(148): Symfony\\Component\\Console\\Application->doRun(Object(Symfony\\Component\\Console\\Input\\ArgvInput), Object(Symfony\\Component\\Console\\Output\\ConsoleOutput))
#12 /Users/tunde/Projects/vapo/api/vendor/laravel/framework/src/Illuminate/Console/Application.php(88): Symfony\\Component\\Console\\Application->run(Object(Symfony\\Component\\Console\\Input\\ArgvInput), Object(Symfony\\Component\\Console\\Output\\ConsoleOutput))
#13 /Users/tunde/Projects/vapo/api/vendor/laravel/framework/src/Illuminate/Foundation/Console/Kernel.php(121): Illuminate\\Console\\Application->run(Object(Symfony\\Component\\Console\\Input\\ArgvInput), Object(Symfony\\Component\\Console\\Output\\ConsoleOutput))
#14 /Users/tunde/Projects/vapo/api/artisan(37): Illuminate\\Foundation\\Console\\Kernel->handle(Object(Symfony\\Component\\Console\\Input\\ArgvInput), Object(Symfony\\Component\\Console\\Output\\ConsoleOutput))
#15 {main}
"} 
